\BOOKMARK [1][-]{section*.3}{Introduction}{}% 1
\BOOKMARK [1][-]{section*.4}{Background}{}% 2
\BOOKMARK [2][-]{section*.5}{Stages of Self-Tracking}{section*.4}% 3
\BOOKMARK [2][-]{section*.6}{Preparation}{section*.4}% 4
\BOOKMARK [3][-]{section*.7}{Motivation and Goals}{section*.6}% 5
\BOOKMARK [3][-]{section*.8}{Selection of Data and Tool}{section*.6}% 6
\BOOKMARK [2][-]{section*.9}{Collection}{section*.4}% 7
\BOOKMARK [3][-]{section*.10}{Manual Logging}{section*.9}% 8
\BOOKMARK [3][-]{section*.11}{Automatic Logging}{section*.9}% 9
\BOOKMARK [2][-]{section*.12}{Integration}{section*.4}% 10
\BOOKMARK [2][-]{section*.13}{Reflection}{section*.4}% 11
\BOOKMARK [3][-]{section*.14}{Conditions for Reflection}{section*.13}% 12
\BOOKMARK [3][-]{section*.15}{Reflective Questions or Prompting}{section*.13}% 13
\BOOKMARK [3][-]{section*.16}{Visualisations}{section*.13}% 14
\BOOKMARK [3][-]{section*.17}{External activities}{section*.13}% 15
\BOOKMARK [2][-]{section*.18}{Action}{section*.4}% 16
\BOOKMARK [1][-]{section*.19}{Research area}{}% 17
\BOOKMARK [1][-]{section*.20}{Study 1 - Exploring User Needs in Telehealth}{}% 18
\BOOKMARK [2][-]{section*.21}{Participants and Method}{section*.20}% 19
\BOOKMARK [2][-]{section*.22}{Results}{section*.20}% 20
\BOOKMARK [2][-]{section*.27}{Discussion}{section*.20}% 21
\BOOKMARK [2][-]{section*.28}{Conclusion}{section*.20}% 22
\BOOKMARK [1][-]{section*.29}{Study 2 - Designing A COPD Telehealth System}{}% 23
\BOOKMARK [2][-]{section*.30}{Methodological Considerations}{section*.29}% 24
\BOOKMARK [2][-]{section*.31}{Workbook Design}{section*.29}% 25
\BOOKMARK [2][-]{section*.32}{Prototype Design}{section*.29}% 26
\BOOKMARK [3][-]{section*.33}{Improving Reliability and Validity of Measures}{section*.32}% 27
\BOOKMARK [3][-]{section*.34}{Supporting Short-term and Long-term Reflection}{section*.32}% 28
\BOOKMARK [2][-]{section*.35}{Participants and Method}{section*.29}% 29
\BOOKMARK [2][-]{section*.36}{Results}{section*.29}% 30
\BOOKMARK [3][-]{section*.37}{Reliability and Validity of Measures}{section*.36}% 31
\BOOKMARK [3][-]{section*.38}{Short-term and Long-term Reflection}{section*.36}% 32
\BOOKMARK [1][-]{section*.39}{Study 3 - Evaluating Reflection during Use}{}% 33
\BOOKMARK [2][-]{section*.40}{Prototype Re-Design}{section*.39}% 34
\BOOKMARK [2][-]{section*.41}{Methodological and Ethical Considerations}{section*.39}% 35
\BOOKMARK [2][-]{section*.42}{Participants}{section*.39}% 36
\BOOKMARK [2][-]{section*.43}{Procedure and Analysis}{section*.39}% 37
\BOOKMARK [2][-]{section*.44}{Results}{section*.39}% 38
\BOOKMARK [3][-]{section*.45}{Barriers for Reflection and System Use}{section*.44}% 39
\BOOKMARK [3][-]{section*.46}{Using Measures as Health Status Indicators}{section*.44}% 40
\BOOKMARK [3][-]{section*.47}{Questioning and Gaining Self-Knowledge}{section*.44}% 41
\BOOKMARK [3][-]{section*.48}{Feeling Empowered in Everyday Life}{section*.44}% 42
\BOOKMARK [3][-]{section*.49}{Becoming Motivated to Self-Improve}{section*.44}% 43
\BOOKMARK [1][-]{section*.50}{Discussion}{}% 44
\BOOKMARK [1][-]{section*.51}{Conclusion}{}% 45
\BOOKMARK [1][-]{section*.52}{Acknowledgements}{}% 46
\BOOKMARK [1][-]{section*.53}{REFERENCES }{}% 47
